<?xml version="1.0" encoding="UTF-8"?>
<testsuites name="Amazon_login_testListeners" time="31.156" tests="1" failures="0" errors="0">
   <testsuite name="Amazon_login_testListeners" tests="1" failures="0" errors="0" time="31.156" skipped="0" timestamp="07-02-2024T15:50:12" hostname="dilip - 172.20.233.229" id="Test Suites/Amazon_login_testListeners">
      <properties>
         <property name="deviceName" value=""/>
         <property name="devicePlatform" value=""/>
         <property name="logFolder" value="C:\\Users\\dilip\\git\\SI-GuidedProject-706091-1705226814\\Reports\\20240207_155005\\Amazon_login_testListeners\\20240207_155005"/>
         <property name="logFiles" value="C:\\Users\\dilip\\git\\SI-GuidedProject-706091-1705226814\\Reports\\20240207_155005\\Amazon_login_testListeners\\20240207_155005\\execution0.log"/>
         <property name="attachments" value=""/>
         <property name="hostName" value="dilip - 172.20.233.229"/>
         <property name="os" value="Windows 11 64bit"/>
         <property name="katalonVersion" value="9.2.0.212"/>
         <property name="browser" value="Chrome 121.0.0.0"/>
         <property name="hostAddress" value="172.20.233.229"/>
         <property name="sessionId" value="b90d6b003442c51056522182e409051c"/>
         <property name="seleniumVersion" value="3.141.59"/>
         <property name="proxyInformation" value="ProxyInformation { proxyOption=NO_PROXY, proxyServerType=HTTP, username=, password=********, proxyServerAddress=, proxyServerPort=0, executionList=&quot;&quot;, isApplyToDesiredCapabilities=true }"/>
         <property name="platform" value="Windows 11"/>
      </properties>
      <testcase name="Test Cases/Data Driven_Testing/TC_Amazon_Login_Excel_001" time="30.747" classname="Test Cases/Data Driven_Testing/TC_Amazon_Login_Excel_001" status="PASSED">
         <system-out><![CDATA[07-02-2024T15:50:13 - [TEST_CASE][PASSED] - Test Cases/Data Driven_Testing/TC_Amazon_Login_Excel_001: Test Cases/Data Driven_Testing/TC_Amazon_Login_Excel_001

07-02-2024T15:50:13 - [TEST_STEP][PASSED] - Start listener action : sampleBeforeTestCase: Navigate to 'https://www.amazon.com/' successfully

07-02-2024T15:50:13 - [TEST_STEP][PASSED] - openBrowser(""): Browser is opened with url: ''

07-02-2024T15:50:13 - [MESSAGE][INFO] - Starting 'Chrome' driver

07-02-2024T15:50:13 - [MESSAGE][INFO] - Action delay is set to 0 milliseconds

07-02-2024T15:50:15 - [MESSAGE][PASSED] - Browser is opened with url: ''

07-02-2024T15:50:16 - [TEST_STEP][PASSED] - navigateToUrl("https://www.amazon.com/"): Navigate to 'https://www.amazon.com/' successfully

07-02-2024T15:50:17 - [MESSAGE][PASSED] - Navigate to 'https://www.amazon.com/' successfully

07-02-2024T15:50:17 - [TEST_STEP][PASSED] - openBrowser(""): Browser is opened with url: ''

07-02-2024T15:50:17 - [MESSAGE][WARNING] - A browser is already opened. Closing browser and opening a new one

07-02-2024T15:50:18 - [MESSAGE][INFO] - Starting 'Chrome' driver

07-02-2024T15:50:18 - [MESSAGE][INFO] - Action delay is set to 0 milliseconds

07-02-2024T15:50:18 - [MESSAGE][PASSED] - Browser is opened with url: ''

07-02-2024T15:50:18 - [TEST_STEP][PASSED] - navigateToUrl("https://www.amazon.com/"): Navigate to 'https://www.amazon.com/' successfully

07-02-2024T15:50:20 - [MESSAGE][PASSED] - Navigate to 'https://www.amazon.com/' successfully

07-02-2024T15:50:20 - [TEST_STEP][PASSED] - click(findTestObject("Object Repository/Amazon_login_Data Driven_OR/Page_Amazon.com. Spend less. Smile more/a_Hello, sign in  Account  Lists")): Object: 'Object Repository/Amazon_login_Data Driven_OR/Page_Amazon.com. Spend less. Smile more/a_Hello, sign in  Account  Lists' is clicked on

07-02-2024T15:50:35 - [MESSAGE][PASSED] - Object: 'Object Repository/Amazon_login_Data Driven_OR/Page_Amazon.com. Spend less. Smile more/a_Hello, sign in  Account  Lists' is clicked on

07-02-2024T15:50:35 - [TEST_STEP][PASSED] - click(findTestObject("Object Repository/Amazon_login_Data Driven_OR/Page_Amazon Sign-In/a_Create your Amazon account")): Object: 'Object Repository/Amazon_login_Data Driven_OR/Page_Amazon Sign-In/a_Create your Amazon account' is clicked on

07-02-2024T15:50:37 - [MESSAGE][PASSED] - Object: 'Object Repository/Amazon_login_Data Driven_OR/Page_Amazon Sign-In/a_Create your Amazon account' is clicked on

07-02-2024T15:50:37 - [TEST_STEP][PASSED] - setText(findTestObject("Object Repository/Amazon_login_Data Driven_OR/Page_Amazon Registration/input_customerName"), findTestData("Amazon_Login_dataDriven/Amazon_Login_Details").getValue("name", 1)): Text 'Dilip Kumar' is set on object 'Object Repository/Amazon_login_Data Driven_OR/Page_Amazon Registration/input_customerName'

07-02-2024T15:50:39 - [MESSAGE][PASSED] - Text 'Dilip Kumar' is set on object 'Object Repository/Amazon_login_Data Driven_OR/Page_Amazon Registration/input_customerName'

07-02-2024T15:50:39 - [TEST_STEP][PASSED] - setText(findTestObject("Object Repository/Amazon_login_Data Driven_OR/Page_Amazon Registration/input_email"), findTestData("Amazon_Login_dataDriven/Amazon_Login_Details").getValue("email", 1)): Text 'diliproy632@gmail.com' is set on object 'Object Repository/Amazon_login_Data Driven_OR/Page_Amazon Registration/input_email'

07-02-2024T15:50:40 - [MESSAGE][PASSED] - Text 'diliproy632@gmail.com' is set on object 'Object Repository/Amazon_login_Data Driven_OR/Page_Amazon Registration/input_email'

07-02-2024T15:50:40 - [TEST_STEP][PASSED] - setText(findTestObject("Amazon_login_Data Driven_OR/Page_Amazon Registration/input_password"), findTestData("Amazon_Login_dataDriven/Amazon_Login_Details").getValue("password", 1)): Text '12345678' is set on object 'Object Repository/Amazon_login_Data Driven_OR/Page_Amazon Registration/input_password'

07-02-2024T15:50:41 - [MESSAGE][PASSED] - Text '12345678' is set on object 'Object Repository/Amazon_login_Data Driven_OR/Page_Amazon Registration/input_password'

07-02-2024T15:50:41 - [TEST_STEP][PASSED] - setText(findTestObject("Object Repository/Amazon_login_Data Driven_OR/Page_Amazon Registration/input_passwordCheck"), findTestData("Amazon_Login_dataDriven/Amazon_Login_Details").getValue("repassword", 1)): Text '12345678' is set on object 'Object Repository/Amazon_login_Data Driven_OR/Page_Amazon Registration/input_passwordCheck'

07-02-2024T15:50:42 - [MESSAGE][PASSED] - Text '12345678' is set on object 'Object Repository/Amazon_login_Data Driven_OR/Page_Amazon Registration/input_passwordCheck'

07-02-2024T15:50:42 - [TEST_STEP][PASSED] - click(findTestObject("Object Repository/Amazon_login_Data Driven_OR/Page_Amazon Registration/inputcontinue")): Object: 'Object Repository/Amazon_login_Data Driven_OR/Page_Amazon Registration/inputcontinue' is clicked on

07-02-2024T15:50:43 - [MESSAGE][PASSED] - Object: 'Object Repository/Amazon_login_Data Driven_OR/Page_Amazon Registration/inputcontinue' is clicked on

07-02-2024T15:50:43 - [TEST_STEP][PASSED] - closeBrowser(): Browser is closed

07-02-2024T15:50:43 - [MESSAGE][PASSED] - Browser is closed

07-02-2024T15:50:43 - [TEST_STEP][PASSED] - Start listener action : sampleAfterTestCase: Browser is closed

07-02-2024T15:50:43 - [TEST_STEP][PASSED] - closeBrowser(): Browser is closed

07-02-2024T15:50:43 - [MESSAGE][PASSED] - Browser is closed]]></system-out>
         <system-err><![CDATA[]]></system-err>
      </testcase>
      <system-out><![CDATA[07-02-2024T15:50:12 - [TEST_SUITE][PASSED] - Amazon_login_testListeners: Test Cases/Data Driven_Testing/TC_Amazon_Login_Excel_001]]></system-out>
      <system-err><![CDATA[]]></system-err>
   </testsuite>
</testsuites>
