<?xml version="1.0" encoding="UTF-8"?>
<testsuites name="Amazon_Login_Data Driven" time="62.57" tests="3" failures="0" errors="0">
   <testsuite name="Amazon_Login_Data Driven" tests="3" failures="0" errors="0" time="62.57" skipped="0" timestamp="24-01-2024T19:14:10" hostname="dilip - DKROY" id="Test Suites/Amazon_Login_dataDriven_testSuite/Amazon_Login_Data Driven">
      <properties>
         <property name="deviceName" value=""/>
         <property name="devicePlatform" value=""/>
         <property name="logFolder" value="C:\\Users\\dilip\\git\\SI-GuidedProject-706091-1705226814\\Reports\\20240124_191406\\Amazon_Login_dataDriven_testSuite\\Amazon_Login_Data Driven\\20240124_191406"/>
         <property name="logFiles" value="C:\\Users\\dilip\\git\\SI-GuidedProject-706091-1705226814\\Reports\\20240124_191406\\Amazon_Login_dataDriven_testSuite\\Amazon_Login_Data Driven\\20240124_191406\\execution0.log"/>
         <property name="attachments" value=""/>
         <property name="hostName" value="dilip - DKROY"/>
         <property name="os" value="Windows 11 64bit"/>
         <property name="katalonVersion" value="9.2.0.212"/>
         <property name="browser" value="Chrome 120.0.0.0"/>
         <property name="hostAddress" value="192.168.52.106"/>
         <property name="sessionId" value="e1cbb014049cb5d74f33b2d80acf2c67"/>
         <property name="seleniumVersion" value="3.141.59"/>
         <property name="proxyInformation" value="ProxyInformation { proxyOption=NO_PROXY, proxyServerType=HTTP, username=, password=********, proxyServerAddress=, proxyServerPort=0, executionList=&quot;&quot;, isApplyToDesiredCapabilities=true }"/>
         <property name="platform" value="Windows 11"/>
      </properties>
      <testcase name="Test Cases/Data Driven_Testing/TC_Amazon_Login_Excel_001" time="21.749" classname="Test Cases/Data Driven_Testing/TC_Amazon_Login_Excel_001" status="PASSED">
         <system-out><![CDATA[24-01-2024T19:14:10 - [TEST_CASE][PASSED] - Test Cases/Data Driven_Testing/TC_Amazon_Login_Excel_001: Test Cases/Data Driven_Testing/TC_Amazon_Login_Excel_001

24-01-2024T19:14:10 - [TEST_STEP][PASSED] - openBrowser(""): Browser is opened with url: ''

24-01-2024T19:14:10 - [MESSAGE][INFO] - Starting 'Chrome' driver

24-01-2024T19:14:11 - [MESSAGE][INFO] - Action delay is set to 0 milliseconds

24-01-2024T19:14:12 - [MESSAGE][PASSED] - Browser is opened with url: ''

24-01-2024T19:14:12 - [TEST_STEP][PASSED] - navigateToUrl("https://www.amazon.com/"): Navigate to 'https://www.amazon.com/' successfully

24-01-2024T19:14:14 - [MESSAGE][PASSED] - Navigate to 'https://www.amazon.com/' successfully

24-01-2024T19:14:14 - [TEST_STEP][PASSED] - click(findTestObject("Object Repository/Amazon_login_Data Driven_OR/Page_Amazon.com. Spend less. Smile more/a_Hello, sign in  Account  Lists")): Object: 'Object Repository/Amazon_login_Data Driven_OR/Page_Amazon.com. Spend less. Smile more/a_Hello, sign in  Account  Lists' is clicked on

24-01-2024T19:14:24 - [MESSAGE][PASSED] - Object: 'Object Repository/Amazon_login_Data Driven_OR/Page_Amazon.com. Spend less. Smile more/a_Hello, sign in  Account  Lists' is clicked on

24-01-2024T19:14:24 - [TEST_STEP][PASSED] - click(findTestObject("Object Repository/Amazon_login_Data Driven_OR/Page_Amazon Sign-In/a_Create your Amazon account")): Object: 'Object Repository/Amazon_login_Data Driven_OR/Page_Amazon Sign-In/a_Create your Amazon account' is clicked on

24-01-2024T19:14:26 - [MESSAGE][PASSED] - Object: 'Object Repository/Amazon_login_Data Driven_OR/Page_Amazon Sign-In/a_Create your Amazon account' is clicked on

24-01-2024T19:14:26 - [TEST_STEP][PASSED] - setText(findTestObject("Object Repository/Amazon_login_Data Driven_OR/Page_Amazon Registration/input_customerName"), name): Text 'Dilip Kumar' is set on object 'Object Repository/Amazon_login_Data Driven_OR/Page_Amazon Registration/input_customerName'

24-01-2024T19:14:28 - [MESSAGE][PASSED] - Text 'Dilip Kumar' is set on object 'Object Repository/Amazon_login_Data Driven_OR/Page_Amazon Registration/input_customerName'

24-01-2024T19:14:28 - [TEST_STEP][PASSED] - setText(findTestObject("Object Repository/Amazon_login_Data Driven_OR/Page_Amazon Registration/input_email"), email): Text 'diliproy632@gmail.com' is set on object 'Object Repository/Amazon_login_Data Driven_OR/Page_Amazon Registration/input_email'

24-01-2024T19:14:29 - [MESSAGE][PASSED] - Text 'diliproy632@gmail.com' is set on object 'Object Repository/Amazon_login_Data Driven_OR/Page_Amazon Registration/input_email'

24-01-2024T19:14:29 - [TEST_STEP][PASSED] - setText(findTestObject("Amazon_login_Data Driven_OR/Page_Amazon Registration/input_password"), password): Text '12345678' is set on object 'Object Repository/Amazon_login_Data Driven_OR/Page_Amazon Registration/input_password'

24-01-2024T19:14:29 - [MESSAGE][PASSED] - Text '12345678' is set on object 'Object Repository/Amazon_login_Data Driven_OR/Page_Amazon Registration/input_password'

24-01-2024T19:14:29 - [TEST_STEP][PASSED] - setText(findTestObject("Object Repository/Amazon_login_Data Driven_OR/Page_Amazon Registration/input_passwordCheck"), repassword): Text '12345678' is set on object 'Object Repository/Amazon_login_Data Driven_OR/Page_Amazon Registration/input_passwordCheck'

24-01-2024T19:14:30 - [MESSAGE][PASSED] - Text '12345678' is set on object 'Object Repository/Amazon_login_Data Driven_OR/Page_Amazon Registration/input_passwordCheck'

24-01-2024T19:14:30 - [TEST_STEP][PASSED] - click(findTestObject("Object Repository/Amazon_login_Data Driven_OR/Page_Amazon Registration/inputcontinue")): Object: 'Object Repository/Amazon_login_Data Driven_OR/Page_Amazon Registration/inputcontinue' is clicked on

24-01-2024T19:14:32 - [MESSAGE][PASSED] - Object: 'Object Repository/Amazon_login_Data Driven_OR/Page_Amazon Registration/inputcontinue' is clicked on

24-01-2024T19:14:32 - [TEST_STEP][PASSED] - closeBrowser(): Browser is closed

24-01-2024T19:14:32 - [MESSAGE][PASSED] - Browser is closed]]></system-out>
         <system-err><![CDATA[]]></system-err>
      </testcase>
      <testcase name="Test Cases/Data Driven_Testing/TC_Amazon_Login_Excel_001" time="22.566" classname="Test Cases/Data Driven_Testing/TC_Amazon_Login_Excel_001" status="PASSED">
         <system-out><![CDATA[24-01-2024T19:14:32 - [TEST_CASE][PASSED] - Test Cases/Data Driven_Testing/TC_Amazon_Login_Excel_001: Test Cases/Data Driven_Testing/TC_Amazon_Login_Excel_001

24-01-2024T19:14:32 - [TEST_STEP][PASSED] - openBrowser(""): Browser is opened with url: ''

24-01-2024T19:14:32 - [MESSAGE][INFO] - Starting 'Chrome' driver

24-01-2024T19:14:32 - [MESSAGE][INFO] - Action delay is set to 0 milliseconds

24-01-2024T19:14:32 - [MESSAGE][PASSED] - Browser is opened with url: ''

24-01-2024T19:14:32 - [TEST_STEP][PASSED] - navigateToUrl("https://www.amazon.com/"): Navigate to 'https://www.amazon.com/' successfully

24-01-2024T19:14:34 - [MESSAGE][PASSED] - Navigate to 'https://www.amazon.com/' successfully

24-01-2024T19:14:34 - [TEST_STEP][PASSED] - click(findTestObject("Object Repository/Amazon_login_Data Driven_OR/Page_Amazon.com. Spend less. Smile more/a_Hello, sign in  Account  Lists")): Object: 'Object Repository/Amazon_login_Data Driven_OR/Page_Amazon.com. Spend less. Smile more/a_Hello, sign in  Account  Lists' is clicked on

24-01-2024T19:14:47 - [MESSAGE][PASSED] - Object: 'Object Repository/Amazon_login_Data Driven_OR/Page_Amazon.com. Spend less. Smile more/a_Hello, sign in  Account  Lists' is clicked on

24-01-2024T19:14:47 - [TEST_STEP][PASSED] - click(findTestObject("Object Repository/Amazon_login_Data Driven_OR/Page_Amazon Sign-In/a_Create your Amazon account")): Object: 'Object Repository/Amazon_login_Data Driven_OR/Page_Amazon Sign-In/a_Create your Amazon account' is clicked on

24-01-2024T19:14:49 - [MESSAGE][PASSED] - Object: 'Object Repository/Amazon_login_Data Driven_OR/Page_Amazon Sign-In/a_Create your Amazon account' is clicked on

24-01-2024T19:14:49 - [TEST_STEP][PASSED] - setText(findTestObject("Object Repository/Amazon_login_Data Driven_OR/Page_Amazon Registration/input_customerName"), name): Text 'Sumon' is set on object 'Object Repository/Amazon_login_Data Driven_OR/Page_Amazon Registration/input_customerName'

24-01-2024T19:14:51 - [MESSAGE][PASSED] - Text 'Sumon' is set on object 'Object Repository/Amazon_login_Data Driven_OR/Page_Amazon Registration/input_customerName'

24-01-2024T19:14:51 - [TEST_STEP][PASSED] - setText(findTestObject("Object Repository/Amazon_login_Data Driven_OR/Page_Amazon Registration/input_email"), email): Text 'sumon47123@gmail.com' is set on object 'Object Repository/Amazon_login_Data Driven_OR/Page_Amazon Registration/input_email'

24-01-2024T19:14:51 - [MESSAGE][PASSED] - Text 'sumon47123@gmail.com' is set on object 'Object Repository/Amazon_login_Data Driven_OR/Page_Amazon Registration/input_email'

24-01-2024T19:14:51 - [TEST_STEP][PASSED] - setText(findTestObject("Amazon_login_Data Driven_OR/Page_Amazon Registration/input_password"), password): Text '987654321' is set on object 'Object Repository/Amazon_login_Data Driven_OR/Page_Amazon Registration/input_password'

24-01-2024T19:14:52 - [MESSAGE][PASSED] - Text '987654321' is set on object 'Object Repository/Amazon_login_Data Driven_OR/Page_Amazon Registration/input_password'

24-01-2024T19:14:52 - [TEST_STEP][PASSED] - setText(findTestObject("Object Repository/Amazon_login_Data Driven_OR/Page_Amazon Registration/input_passwordCheck"), repassword): Text '987654321' is set on object 'Object Repository/Amazon_login_Data Driven_OR/Page_Amazon Registration/input_passwordCheck'

24-01-2024T19:14:53 - [MESSAGE][PASSED] - Text '987654321' is set on object 'Object Repository/Amazon_login_Data Driven_OR/Page_Amazon Registration/input_passwordCheck'

24-01-2024T19:14:53 - [TEST_STEP][PASSED] - click(findTestObject("Object Repository/Amazon_login_Data Driven_OR/Page_Amazon Registration/inputcontinue")): Object: 'Object Repository/Amazon_login_Data Driven_OR/Page_Amazon Registration/inputcontinue' is clicked on

24-01-2024T19:14:54 - [MESSAGE][PASSED] - Object: 'Object Repository/Amazon_login_Data Driven_OR/Page_Amazon Registration/inputcontinue' is clicked on

24-01-2024T19:14:54 - [TEST_STEP][PASSED] - closeBrowser(): Browser is closed

24-01-2024T19:14:54 - [MESSAGE][PASSED] - Browser is closed]]></system-out>
         <system-err><![CDATA[]]></system-err>
      </testcase>
      <testcase name="Test Cases/Data Driven_Testing/TC_Amazon_Login_Excel_001" time="17.902" classname="Test Cases/Data Driven_Testing/TC_Amazon_Login_Excel_001" status="PASSED">
         <system-out><![CDATA[24-01-2024T19:14:54 - [TEST_CASE][PASSED] - Test Cases/Data Driven_Testing/TC_Amazon_Login_Excel_001: Test Cases/Data Driven_Testing/TC_Amazon_Login_Excel_001

24-01-2024T19:14:54 - [TEST_STEP][PASSED] - openBrowser(""): Browser is opened with url: ''

24-01-2024T19:14:54 - [MESSAGE][INFO] - Starting 'Chrome' driver

24-01-2024T19:14:54 - [MESSAGE][INFO] - Action delay is set to 0 milliseconds

24-01-2024T19:14:55 - [MESSAGE][PASSED] - Browser is opened with url: ''

24-01-2024T19:14:55 - [TEST_STEP][PASSED] - navigateToUrl("https://www.amazon.com/"): Navigate to 'https://www.amazon.com/' successfully

24-01-2024T19:14:56 - [MESSAGE][PASSED] - Navigate to 'https://www.amazon.com/' successfully

24-01-2024T19:14:56 - [TEST_STEP][PASSED] - click(findTestObject("Object Repository/Amazon_login_Data Driven_OR/Page_Amazon.com. Spend less. Smile more/a_Hello, sign in  Account  Lists")): Object: 'Object Repository/Amazon_login_Data Driven_OR/Page_Amazon.com. Spend less. Smile more/a_Hello, sign in  Account  Lists' is clicked on

24-01-2024T19:15:06 - [MESSAGE][PASSED] - Object: 'Object Repository/Amazon_login_Data Driven_OR/Page_Amazon.com. Spend less. Smile more/a_Hello, sign in  Account  Lists' is clicked on

24-01-2024T19:15:06 - [TEST_STEP][PASSED] - click(findTestObject("Object Repository/Amazon_login_Data Driven_OR/Page_Amazon Sign-In/a_Create your Amazon account")): Object: 'Object Repository/Amazon_login_Data Driven_OR/Page_Amazon Sign-In/a_Create your Amazon account' is clicked on

24-01-2024T19:15:08 - [MESSAGE][PASSED] - Object: 'Object Repository/Amazon_login_Data Driven_OR/Page_Amazon Sign-In/a_Create your Amazon account' is clicked on

24-01-2024T19:15:08 - [TEST_STEP][PASSED] - setText(findTestObject("Object Repository/Amazon_login_Data Driven_OR/Page_Amazon Registration/input_customerName"), name): Text 'Rahul' is set on object 'Object Repository/Amazon_login_Data Driven_OR/Page_Amazon Registration/input_customerName'

24-01-2024T19:15:09 - [MESSAGE][PASSED] - Text 'Rahul' is set on object 'Object Repository/Amazon_login_Data Driven_OR/Page_Amazon Registration/input_customerName'

24-01-2024T19:15:09 - [TEST_STEP][PASSED] - setText(findTestObject("Object Repository/Amazon_login_Data Driven_OR/Page_Amazon Registration/input_email"), email): Text 'rahul325@gmail.com' is set on object 'Object Repository/Amazon_login_Data Driven_OR/Page_Amazon Registration/input_email'

24-01-2024T19:15:10 - [MESSAGE][PASSED] - Text 'rahul325@gmail.com' is set on object 'Object Repository/Amazon_login_Data Driven_OR/Page_Amazon Registration/input_email'

24-01-2024T19:15:10 - [TEST_STEP][PASSED] - setText(findTestObject("Amazon_login_Data Driven_OR/Page_Amazon Registration/input_password"), password): Text '96862' is set on object 'Object Repository/Amazon_login_Data Driven_OR/Page_Amazon Registration/input_password'

24-01-2024T19:15:11 - [MESSAGE][PASSED] - Text '96862' is set on object 'Object Repository/Amazon_login_Data Driven_OR/Page_Amazon Registration/input_password'

24-01-2024T19:15:11 - [TEST_STEP][PASSED] - setText(findTestObject("Object Repository/Amazon_login_Data Driven_OR/Page_Amazon Registration/input_passwordCheck"), repassword): Text '96862' is set on object 'Object Repository/Amazon_login_Data Driven_OR/Page_Amazon Registration/input_passwordCheck'

24-01-2024T19:15:12 - [MESSAGE][PASSED] - Text '96862' is set on object 'Object Repository/Amazon_login_Data Driven_OR/Page_Amazon Registration/input_passwordCheck'

24-01-2024T19:15:12 - [TEST_STEP][PASSED] - click(findTestObject("Object Repository/Amazon_login_Data Driven_OR/Page_Amazon Registration/inputcontinue")): Object: 'Object Repository/Amazon_login_Data Driven_OR/Page_Amazon Registration/inputcontinue' is clicked on

24-01-2024T19:15:12 - [MESSAGE][PASSED] - Object: 'Object Repository/Amazon_login_Data Driven_OR/Page_Amazon Registration/inputcontinue' is clicked on

24-01-2024T19:15:12 - [TEST_STEP][PASSED] - closeBrowser(): Browser is closed

24-01-2024T19:15:12 - [MESSAGE][PASSED] - Browser is closed]]></system-out>
         <system-err><![CDATA[]]></system-err>
      </testcase>
      <system-out><![CDATA[24-01-2024T19:14:10 - [TEST_SUITE][PASSED] - Amazon_Login_Data Driven: Test Cases/Data Driven_Testing/TC_Amazon_Login_Excel_001]]></system-out>
      <system-err><![CDATA[]]></system-err>
   </testsuite>
</testsuites>
