<?xml version="1.0" encoding="UTF-8"?>
<testsuites name="Amazon_Login_Data Driven" time="51.065" tests="3" failures="0" errors="0">
   <testsuite name="Amazon_Login_Data Driven" tests="3" failures="0" errors="0" time="51.065" skipped="0" timestamp="01-02-2024T00:13:51" hostname="dilip - DKROY" id="Test Suites/Amazon_Login_dataDriven_testSuite/Amazon_Login_Data Driven">
      <properties>
         <property name="deviceName" value=""/>
         <property name="devicePlatform" value=""/>
         <property name="logFolder" value="C:\\Users\\dilip\\git\\SI-GuidedProject-706091-1705226814\\Reports\\20240201_001347\\Amazon_Login_dataDriven_testSuite\\Amazon_Login_Data Driven\\20240201_001347"/>
         <property name="logFiles" value="C:\\Users\\dilip\\git\\SI-GuidedProject-706091-1705226814\\Reports\\20240201_001347\\Amazon_Login_dataDriven_testSuite\\Amazon_Login_Data Driven\\20240201_001347\\execution0.log"/>
         <property name="attachments" value=""/>
         <property name="hostName" value="dilip - DKROY"/>
         <property name="os" value="Windows 11 64bit"/>
         <property name="katalonVersion" value="9.2.0.212"/>
         <property name="browser" value="Chrome 120.0.0.0"/>
         <property name="hostAddress" value="192.168.27.229"/>
         <property name="sessionId" value="a345d9daa76bf3d073f2dcca082609cd"/>
         <property name="seleniumVersion" value="3.141.59"/>
         <property name="proxyInformation" value="ProxyInformation { proxyOption=NO_PROXY, proxyServerType=HTTP, username=, password=********, proxyServerAddress=, proxyServerPort=0, executionList=&quot;&quot;, isApplyToDesiredCapabilities=true }"/>
         <property name="platform" value="Windows 11"/>
      </properties>
      <testcase name="Test Cases/Data Driven_Testing/TC_Amazon_Login_Excel_001" time="14.679" classname="Test Cases/Data Driven_Testing/TC_Amazon_Login_Excel_001" status="PASSED">
         <system-out><![CDATA[01-02-2024T00:13:51 - [TEST_CASE][PASSED] - Test Cases/Data Driven_Testing/TC_Amazon_Login_Excel_001: Test Cases/Data Driven_Testing/TC_Amazon_Login_Excel_001

01-02-2024T00:13:51 - [TEST_STEP][PASSED] - openBrowser(""): Browser is opened with url: ''

01-02-2024T00:13:52 - [MESSAGE][INFO] - Starting 'Chrome' driver

01-02-2024T00:13:52 - [MESSAGE][INFO] - Action delay is set to 0 milliseconds

01-02-2024T00:13:53 - [MESSAGE][PASSED] - Browser is opened with url: ''

01-02-2024T00:13:53 - [TEST_STEP][PASSED] - navigateToUrl("https://www.amazon.com/"): Navigate to 'https://www.amazon.com/' successfully

01-02-2024T00:13:55 - [MESSAGE][PASSED] - Navigate to 'https://www.amazon.com/' successfully

01-02-2024T00:13:55 - [TEST_STEP][PASSED] - click(findTestObject("Object Repository/Amazon_login_Data Driven_OR/Page_Amazon.com. Spend less. Smile more/a_Hello, sign in  Account  Lists")): Object: 'Object Repository/Amazon_login_Data Driven_OR/Page_Amazon.com. Spend less. Smile more/a_Hello, sign in  Account  Lists' is clicked on

01-02-2024T00:13:59 - [MESSAGE][PASSED] - Object: 'Object Repository/Amazon_login_Data Driven_OR/Page_Amazon.com. Spend less. Smile more/a_Hello, sign in  Account  Lists' is clicked on

01-02-2024T00:13:59 - [TEST_STEP][PASSED] - click(findTestObject("Object Repository/Amazon_login_Data Driven_OR/Page_Amazon Sign-In/a_Create your Amazon account")): Object: 'Object Repository/Amazon_login_Data Driven_OR/Page_Amazon Sign-In/a_Create your Amazon account' is clicked on

01-02-2024T00:14:01 - [MESSAGE][PASSED] - Object: 'Object Repository/Amazon_login_Data Driven_OR/Page_Amazon Sign-In/a_Create your Amazon account' is clicked on

01-02-2024T00:14:01 - [TEST_STEP][PASSED] - setText(findTestObject("Object Repository/Amazon_login_Data Driven_OR/Page_Amazon Registration/input_customerName"), findTestData("Amazon_Login_dataDriven/Amazon_Login_Details").getValue("name", 1)): Text 'Dilip Kumar' is set on object 'Object Repository/Amazon_login_Data Driven_OR/Page_Amazon Registration/input_customerName'

01-02-2024T00:14:02 - [MESSAGE][PASSED] - Text 'Dilip Kumar' is set on object 'Object Repository/Amazon_login_Data Driven_OR/Page_Amazon Registration/input_customerName'

01-02-2024T00:14:02 - [TEST_STEP][PASSED] - setText(findTestObject("Object Repository/Amazon_login_Data Driven_OR/Page_Amazon Registration/input_email"), findTestData("Amazon_Login_dataDriven/Amazon_Login_Details").getValue("email", 1)): Text 'diliproy632@gmail.com' is set on object 'Object Repository/Amazon_login_Data Driven_OR/Page_Amazon Registration/input_email'

01-02-2024T00:14:03 - [MESSAGE][PASSED] - Text 'diliproy632@gmail.com' is set on object 'Object Repository/Amazon_login_Data Driven_OR/Page_Amazon Registration/input_email'

01-02-2024T00:14:03 - [TEST_STEP][PASSED] - setText(findTestObject("Amazon_login_Data Driven_OR/Page_Amazon Registration/input_password"), findTestData("Amazon_Login_dataDriven/Amazon_Login_Details").getValue("password", 1)): Text '12345678' is set on object 'Object Repository/Amazon_login_Data Driven_OR/Page_Amazon Registration/input_password'

01-02-2024T00:14:03 - [MESSAGE][PASSED] - Text '12345678' is set on object 'Object Repository/Amazon_login_Data Driven_OR/Page_Amazon Registration/input_password'

01-02-2024T00:14:03 - [TEST_STEP][PASSED] - setText(findTestObject("Object Repository/Amazon_login_Data Driven_OR/Page_Amazon Registration/input_passwordCheck"), findTestData("Amazon_Login_dataDriven/Amazon_Login_Details").getValue("repassword", 1)): Text '12345678' is set on object 'Object Repository/Amazon_login_Data Driven_OR/Page_Amazon Registration/input_passwordCheck'

01-02-2024T00:14:04 - [MESSAGE][PASSED] - Text '12345678' is set on object 'Object Repository/Amazon_login_Data Driven_OR/Page_Amazon Registration/input_passwordCheck'

01-02-2024T00:14:04 - [TEST_STEP][PASSED] - click(findTestObject("Object Repository/Amazon_login_Data Driven_OR/Page_Amazon Registration/inputcontinue")): Object: 'Object Repository/Amazon_login_Data Driven_OR/Page_Amazon Registration/inputcontinue' is clicked on

01-02-2024T00:14:06 - [MESSAGE][PASSED] - Object: 'Object Repository/Amazon_login_Data Driven_OR/Page_Amazon Registration/inputcontinue' is clicked on

01-02-2024T00:14:06 - [TEST_STEP][PASSED] - closeBrowser(): Browser is closed

01-02-2024T00:14:06 - [MESSAGE][PASSED] - Browser is closed]]></system-out>
         <system-err><![CDATA[]]></system-err>
      </testcase>
      <testcase name="Test Cases/Data Driven_Testing/TC_Amazon_Login_Excel_001" time="18.684" classname="Test Cases/Data Driven_Testing/TC_Amazon_Login_Excel_001" status="PASSED">
         <system-out><![CDATA[01-02-2024T00:14:06 - [TEST_CASE][PASSED] - Test Cases/Data Driven_Testing/TC_Amazon_Login_Excel_001: Test Cases/Data Driven_Testing/TC_Amazon_Login_Excel_001

01-02-2024T00:14:06 - [TEST_STEP][PASSED] - openBrowser(""): Browser is opened with url: ''

01-02-2024T00:14:06 - [MESSAGE][INFO] - Starting 'Chrome' driver

01-02-2024T00:14:06 - [MESSAGE][INFO] - Action delay is set to 0 milliseconds

01-02-2024T00:14:07 - [MESSAGE][PASSED] - Browser is opened with url: ''

01-02-2024T00:14:07 - [TEST_STEP][PASSED] - navigateToUrl("https://www.amazon.com/"): Navigate to 'https://www.amazon.com/' successfully

01-02-2024T00:14:08 - [MESSAGE][PASSED] - Navigate to 'https://www.amazon.com/' successfully

01-02-2024T00:14:08 - [TEST_STEP][PASSED] - click(findTestObject("Object Repository/Amazon_login_Data Driven_OR/Page_Amazon.com. Spend less. Smile more/a_Hello, sign in  Account  Lists")): Object: 'Object Repository/Amazon_login_Data Driven_OR/Page_Amazon.com. Spend less. Smile more/a_Hello, sign in  Account  Lists' is clicked on

01-02-2024T00:14:17 - [MESSAGE][PASSED] - Object: 'Object Repository/Amazon_login_Data Driven_OR/Page_Amazon.com. Spend less. Smile more/a_Hello, sign in  Account  Lists' is clicked on

01-02-2024T00:14:17 - [TEST_STEP][PASSED] - click(findTestObject("Object Repository/Amazon_login_Data Driven_OR/Page_Amazon Sign-In/a_Create your Amazon account")): Object: 'Object Repository/Amazon_login_Data Driven_OR/Page_Amazon Sign-In/a_Create your Amazon account' is clicked on

01-02-2024T00:14:19 - [MESSAGE][PASSED] - Object: 'Object Repository/Amazon_login_Data Driven_OR/Page_Amazon Sign-In/a_Create your Amazon account' is clicked on

01-02-2024T00:14:19 - [TEST_STEP][PASSED] - setText(findTestObject("Object Repository/Amazon_login_Data Driven_OR/Page_Amazon Registration/input_customerName"), findTestData("Amazon_Login_dataDriven/Amazon_Login_Details").getValue("name", 1)): Text 'Dilip Kumar' is set on object 'Object Repository/Amazon_login_Data Driven_OR/Page_Amazon Registration/input_customerName'

01-02-2024T00:14:21 - [MESSAGE][PASSED] - Text 'Dilip Kumar' is set on object 'Object Repository/Amazon_login_Data Driven_OR/Page_Amazon Registration/input_customerName'

01-02-2024T00:14:21 - [TEST_STEP][PASSED] - setText(findTestObject("Object Repository/Amazon_login_Data Driven_OR/Page_Amazon Registration/input_email"), findTestData("Amazon_Login_dataDriven/Amazon_Login_Details").getValue("email", 1)): Text 'diliproy632@gmail.com' is set on object 'Object Repository/Amazon_login_Data Driven_OR/Page_Amazon Registration/input_email'

01-02-2024T00:14:21 - [MESSAGE][PASSED] - Text 'diliproy632@gmail.com' is set on object 'Object Repository/Amazon_login_Data Driven_OR/Page_Amazon Registration/input_email'

01-02-2024T00:14:21 - [TEST_STEP][PASSED] - setText(findTestObject("Amazon_login_Data Driven_OR/Page_Amazon Registration/input_password"), findTestData("Amazon_Login_dataDriven/Amazon_Login_Details").getValue("password", 1)): Text '12345678' is set on object 'Object Repository/Amazon_login_Data Driven_OR/Page_Amazon Registration/input_password'

01-02-2024T00:14:22 - [MESSAGE][PASSED] - Text '12345678' is set on object 'Object Repository/Amazon_login_Data Driven_OR/Page_Amazon Registration/input_password'

01-02-2024T00:14:22 - [TEST_STEP][PASSED] - setText(findTestObject("Object Repository/Amazon_login_Data Driven_OR/Page_Amazon Registration/input_passwordCheck"), findTestData("Amazon_Login_dataDriven/Amazon_Login_Details").getValue("repassword", 1)): Text '12345678' is set on object 'Object Repository/Amazon_login_Data Driven_OR/Page_Amazon Registration/input_passwordCheck'

01-02-2024T00:14:23 - [MESSAGE][PASSED] - Text '12345678' is set on object 'Object Repository/Amazon_login_Data Driven_OR/Page_Amazon Registration/input_passwordCheck'

01-02-2024T00:14:23 - [TEST_STEP][PASSED] - click(findTestObject("Object Repository/Amazon_login_Data Driven_OR/Page_Amazon Registration/inputcontinue")): Object: 'Object Repository/Amazon_login_Data Driven_OR/Page_Amazon Registration/inputcontinue' is clicked on

01-02-2024T00:14:24 - [MESSAGE][PASSED] - Object: 'Object Repository/Amazon_login_Data Driven_OR/Page_Amazon Registration/inputcontinue' is clicked on

01-02-2024T00:14:24 - [TEST_STEP][PASSED] - closeBrowser(): Browser is closed

01-02-2024T00:14:25 - [MESSAGE][PASSED] - Browser is closed]]></system-out>
         <system-err><![CDATA[]]></system-err>
      </testcase>
      <testcase name="Test Cases/Data Driven_Testing/TC_Amazon_Login_Excel_001" time="17.31" classname="Test Cases/Data Driven_Testing/TC_Amazon_Login_Excel_001" status="PASSED">
         <system-out><![CDATA[01-02-2024T00:14:25 - [TEST_CASE][PASSED] - Test Cases/Data Driven_Testing/TC_Amazon_Login_Excel_001: Test Cases/Data Driven_Testing/TC_Amazon_Login_Excel_001

01-02-2024T00:14:25 - [TEST_STEP][PASSED] - openBrowser(""): Browser is opened with url: ''

01-02-2024T00:14:25 - [MESSAGE][INFO] - Starting 'Chrome' driver

01-02-2024T00:14:25 - [MESSAGE][INFO] - Action delay is set to 0 milliseconds

01-02-2024T00:14:25 - [MESSAGE][PASSED] - Browser is opened with url: ''

01-02-2024T00:14:25 - [TEST_STEP][PASSED] - navigateToUrl("https://www.amazon.com/"): Navigate to 'https://www.amazon.com/' successfully

01-02-2024T00:14:27 - [MESSAGE][PASSED] - Navigate to 'https://www.amazon.com/' successfully

01-02-2024T00:14:27 - [TEST_STEP][PASSED] - click(findTestObject("Object Repository/Amazon_login_Data Driven_OR/Page_Amazon.com. Spend less. Smile more/a_Hello, sign in  Account  Lists")): Object: 'Object Repository/Amazon_login_Data Driven_OR/Page_Amazon.com. Spend less. Smile more/a_Hello, sign in  Account  Lists' is clicked on

01-02-2024T00:14:33 - [MESSAGE][PASSED] - Object: 'Object Repository/Amazon_login_Data Driven_OR/Page_Amazon.com. Spend less. Smile more/a_Hello, sign in  Account  Lists' is clicked on

01-02-2024T00:14:33 - [TEST_STEP][PASSED] - click(findTestObject("Object Repository/Amazon_login_Data Driven_OR/Page_Amazon Sign-In/a_Create your Amazon account")): Object: 'Object Repository/Amazon_login_Data Driven_OR/Page_Amazon Sign-In/a_Create your Amazon account' is clicked on

01-02-2024T00:14:36 - [MESSAGE][PASSED] - Object: 'Object Repository/Amazon_login_Data Driven_OR/Page_Amazon Sign-In/a_Create your Amazon account' is clicked on

01-02-2024T00:14:36 - [TEST_STEP][PASSED] - setText(findTestObject("Object Repository/Amazon_login_Data Driven_OR/Page_Amazon Registration/input_customerName"), findTestData("Amazon_Login_dataDriven/Amazon_Login_Details").getValue("name", 1)): Text 'Dilip Kumar' is set on object 'Object Repository/Amazon_login_Data Driven_OR/Page_Amazon Registration/input_customerName'

01-02-2024T00:14:37 - [MESSAGE][PASSED] - Text 'Dilip Kumar' is set on object 'Object Repository/Amazon_login_Data Driven_OR/Page_Amazon Registration/input_customerName'

01-02-2024T00:14:37 - [TEST_STEP][PASSED] - setText(findTestObject("Object Repository/Amazon_login_Data Driven_OR/Page_Amazon Registration/input_email"), findTestData("Amazon_Login_dataDriven/Amazon_Login_Details").getValue("email", 1)): Text 'diliproy632@gmail.com' is set on object 'Object Repository/Amazon_login_Data Driven_OR/Page_Amazon Registration/input_email'

01-02-2024T00:14:38 - [MESSAGE][PASSED] - Text 'diliproy632@gmail.com' is set on object 'Object Repository/Amazon_login_Data Driven_OR/Page_Amazon Registration/input_email'

01-02-2024T00:14:38 - [TEST_STEP][PASSED] - setText(findTestObject("Amazon_login_Data Driven_OR/Page_Amazon Registration/input_password"), findTestData("Amazon_Login_dataDriven/Amazon_Login_Details").getValue("password", 1)): Text '12345678' is set on object 'Object Repository/Amazon_login_Data Driven_OR/Page_Amazon Registration/input_password'

01-02-2024T00:14:39 - [MESSAGE][PASSED] - Text '12345678' is set on object 'Object Repository/Amazon_login_Data Driven_OR/Page_Amazon Registration/input_password'

01-02-2024T00:14:39 - [TEST_STEP][PASSED] - setText(findTestObject("Object Repository/Amazon_login_Data Driven_OR/Page_Amazon Registration/input_passwordCheck"), findTestData("Amazon_Login_dataDriven/Amazon_Login_Details").getValue("repassword", 1)): Text '12345678' is set on object 'Object Repository/Amazon_login_Data Driven_OR/Page_Amazon Registration/input_passwordCheck'

01-02-2024T00:14:39 - [MESSAGE][PASSED] - Text '12345678' is set on object 'Object Repository/Amazon_login_Data Driven_OR/Page_Amazon Registration/input_passwordCheck'

01-02-2024T00:14:39 - [TEST_STEP][PASSED] - click(findTestObject("Object Repository/Amazon_login_Data Driven_OR/Page_Amazon Registration/inputcontinue")): Object: 'Object Repository/Amazon_login_Data Driven_OR/Page_Amazon Registration/inputcontinue' is clicked on

01-02-2024T00:14:42 - [MESSAGE][PASSED] - Object: 'Object Repository/Amazon_login_Data Driven_OR/Page_Amazon Registration/inputcontinue' is clicked on

01-02-2024T00:14:42 - [TEST_STEP][PASSED] - closeBrowser(): Browser is closed

01-02-2024T00:14:42 - [MESSAGE][PASSED] - Browser is closed]]></system-out>
         <system-err><![CDATA[]]></system-err>
      </testcase>
      <system-out><![CDATA[01-02-2024T00:13:51 - [TEST_SUITE][PASSED] - Amazon_Login_Data Driven: Test Cases/Data Driven_Testing/TC_Amazon_Login_Excel_001]]></system-out>
      <system-err><![CDATA[]]></system-err>
   </testsuite>
</testsuites>
