<?xml version="1.0" encoding="UTF-8"?>
<testsuites name="Amazon_categoryValidation_testSuite" time="57.448" tests="4" failures="0" errors="0">
   <testsuite name="Amazon_categoryValidation_testSuite" tests="4" failures="0" errors="0" time="57.448" skipped="0" timestamp="31-01-2024T23:58:37" hostname="dilip - DKROY" id="Test Suites/Data Driven_Amazon_Category_Test Suites/Amazon_categoryValidation_testSuite">
      <properties>
         <property name="deviceName" value=""/>
         <property name="devicePlatform" value=""/>
         <property name="logFolder" value="C:\\Users\\dilip\\git\\SI-GuidedProject-706091-1705226814\\Reports\\20240131_235833\\Data Driven_Amazon_Category_Test Suites\\Amazon_categoryValidation_testSuite\\20240131_235833"/>
         <property name="logFiles" value="C:\\Users\\dilip\\git\\SI-GuidedProject-706091-1705226814\\Reports\\20240131_235833\\Data Driven_Amazon_Category_Test Suites\\Amazon_categoryValidation_testSuite\\20240131_235833\\execution0.log"/>
         <property name="attachments" value=""/>
         <property name="hostName" value="dilip - DKROY"/>
         <property name="os" value="Windows 11 64bit"/>
         <property name="katalonVersion" value="9.2.0.212"/>
         <property name="browser" value="Chrome 120.0.0.0"/>
         <property name="hostAddress" value="192.168.27.229"/>
         <property name="sessionId" value="3f59d3f4d02677b2c6fa6b65df6e4cf3"/>
         <property name="seleniumVersion" value="3.141.59"/>
         <property name="proxyInformation" value="ProxyInformation { proxyOption=NO_PROXY, proxyServerType=HTTP, username=, password=********, proxyServerAddress=, proxyServerPort=0, executionList=&quot;&quot;, isApplyToDesiredCapabilities=true }"/>
         <property name="platform" value="Windows 11"/>
      </properties>
      <testcase name="Test Cases/Data Driven_Testing/TC_Validation Amazon Category_Excel" time="13.784" classname="Test Cases/Data Driven_Testing/TC_Validation Amazon Category_Excel" status="PASSED">
         <system-out><![CDATA[31-01-2024T23:58:37 - [TEST_CASE][PASSED] - Test Cases/Data Driven_Testing/TC_Validation Amazon Category_Excel: Test Cases/Data Driven_Testing/TC_Validation Amazon Category_Excel

31-01-2024T23:58:37 - [TEST_STEP][PASSED] - openBrowser(""): Browser is opened with url: ''

31-01-2024T23:58:37 - [MESSAGE][INFO] - Starting 'Chrome' driver

31-01-2024T23:58:38 - [MESSAGE][INFO] - Action delay is set to 0 milliseconds

31-01-2024T23:58:39 - [MESSAGE][PASSED] - Browser is opened with url: ''

31-01-2024T23:58:39 - [TEST_STEP][PASSED] - navigateToUrl("https://www.amazon.com/"): Navigate to 'https://www.amazon.com/' successfully

31-01-2024T23:58:40 - [MESSAGE][PASSED] - Navigate to 'https://www.amazon.com/' successfully

31-01-2024T23:58:40 - [TEST_STEP][PASSED] - selectOptionByLabel(findTestObject("Amazon_Category_validation_Excel_OR/Page_Amazon.com. Spend less. Smile more/categoryElement"), category, false): All options with label 'Books' are selected in object 'Object Repository/Amazon_Category_validation_Excel_OR/Page_Amazon.com. Spend less. Smile more/categoryElement' 

31-01-2024T23:58:46 - [MESSAGE][PASSED] - All options with label 'Books' are selected in object 'Object Repository/Amazon_Category_validation_Excel_OR/Page_Amazon.com. Spend less. Smile more/categoryElement' 

31-01-2024T23:58:46 - [TEST_STEP][PASSED] - setText(findTestObject("Amazon_Category_validation_Excel_OR/Page_Amazon.com. Spend less. Smile more/input_Search Amazon_field-keywords"), item): Text 'da vinci code' is set on object 'Object Repository/Amazon_Category_validation_Excel_OR/Page_Amazon.com. Spend less. Smile more/input_Search Amazon_field-keywords'

31-01-2024T23:58:47 - [MESSAGE][PASSED] - Text 'da vinci code' is set on object 'Object Repository/Amazon_Category_validation_Excel_OR/Page_Amazon.com. Spend less. Smile more/input_Search Amazon_field-keywords'

31-01-2024T23:58:47 - [TEST_STEP][PASSED] - click(findTestObject("Amazon_Category_validation_Excel_OR/Page_Amazon.com. Spend less. Smile more/input_Search Amazon_nav-search-submit-button")): Object: 'Object Repository/Amazon_Category_validation_Excel_OR/Page_Amazon.com. Spend less. Smile more/input_Search Amazon_nav-search-submit-button' is clicked on

31-01-2024T23:58:50 - [MESSAGE][PASSED] - Object: 'Object Repository/Amazon_Category_validation_Excel_OR/Page_Amazon.com. Spend less. Smile more/input_Search Amazon_nav-search-submit-button' is clicked on

31-01-2024T23:58:50 - [TEST_STEP][PASSED] - closeBrowser(): Browser is closed

31-01-2024T23:58:51 - [MESSAGE][PASSED] - Browser is closed]]></system-out>
         <system-err><![CDATA[]]></system-err>
      </testcase>
      <testcase name="Test Cases/Data Driven_Testing/TC_Validation Amazon Category_Excel" time="14.797" classname="Test Cases/Data Driven_Testing/TC_Validation Amazon Category_Excel" status="PASSED">
         <system-out><![CDATA[31-01-2024T23:58:51 - [TEST_CASE][PASSED] - Test Cases/Data Driven_Testing/TC_Validation Amazon Category_Excel: Test Cases/Data Driven_Testing/TC_Validation Amazon Category_Excel

31-01-2024T23:58:51 - [TEST_STEP][PASSED] - openBrowser(""): Browser is opened with url: ''

31-01-2024T23:58:51 - [MESSAGE][INFO] - Starting 'Chrome' driver

31-01-2024T23:58:51 - [MESSAGE][INFO] - Action delay is set to 0 milliseconds

31-01-2024T23:58:51 - [MESSAGE][PASSED] - Browser is opened with url: ''

31-01-2024T23:58:51 - [TEST_STEP][PASSED] - navigateToUrl("https://www.amazon.com/"): Navigate to 'https://www.amazon.com/' successfully

31-01-2024T23:58:53 - [MESSAGE][PASSED] - Navigate to 'https://www.amazon.com/' successfully

31-01-2024T23:58:53 - [TEST_STEP][PASSED] - selectOptionByLabel(findTestObject("Amazon_Category_validation_Excel_OR/Page_Amazon.com. Spend less. Smile more/categoryElement"), category, false): All options with label 'Electronics' are selected in object 'Object Repository/Amazon_Category_validation_Excel_OR/Page_Amazon.com. Spend less. Smile more/categoryElement' 

31-01-2024T23:58:58 - [MESSAGE][PASSED] - All options with label 'Electronics' are selected in object 'Object Repository/Amazon_Category_validation_Excel_OR/Page_Amazon.com. Spend less. Smile more/categoryElement' 

31-01-2024T23:58:58 - [TEST_STEP][PASSED] - setText(findTestObject("Amazon_Category_validation_Excel_OR/Page_Amazon.com. Spend less. Smile more/input_Search Amazon_field-keywords"), item): Text 'washing machine' is set on object 'Object Repository/Amazon_Category_validation_Excel_OR/Page_Amazon.com. Spend less. Smile more/input_Search Amazon_field-keywords'

31-01-2024T23:58:59 - [MESSAGE][PASSED] - Text 'washing machine' is set on object 'Object Repository/Amazon_Category_validation_Excel_OR/Page_Amazon.com. Spend less. Smile more/input_Search Amazon_field-keywords'

31-01-2024T23:58:59 - [TEST_STEP][PASSED] - click(findTestObject("Amazon_Category_validation_Excel_OR/Page_Amazon.com. Spend less. Smile more/input_Search Amazon_nav-search-submit-button")): Object: 'Object Repository/Amazon_Category_validation_Excel_OR/Page_Amazon.com. Spend less. Smile more/input_Search Amazon_nav-search-submit-button' is clicked on

31-01-2024T23:59:05 - [MESSAGE][PASSED] - Object: 'Object Repository/Amazon_Category_validation_Excel_OR/Page_Amazon.com. Spend less. Smile more/input_Search Amazon_nav-search-submit-button' is clicked on

31-01-2024T23:59:05 - [TEST_STEP][PASSED] - closeBrowser(): Browser is closed

31-01-2024T23:59:05 - [MESSAGE][PASSED] - Browser is closed]]></system-out>
         <system-err><![CDATA[]]></system-err>
      </testcase>
      <testcase name="Test Cases/Data Driven_Testing/TC_Validation Amazon Category_Excel" time="13.814" classname="Test Cases/Data Driven_Testing/TC_Validation Amazon Category_Excel" status="PASSED">
         <system-out><![CDATA[31-01-2024T23:59:06 - [TEST_CASE][PASSED] - Test Cases/Data Driven_Testing/TC_Validation Amazon Category_Excel: Test Cases/Data Driven_Testing/TC_Validation Amazon Category_Excel

31-01-2024T23:59:06 - [TEST_STEP][PASSED] - openBrowser(""): Browser is opened with url: ''

31-01-2024T23:59:06 - [MESSAGE][INFO] - Starting 'Chrome' driver

31-01-2024T23:59:06 - [MESSAGE][INFO] - Action delay is set to 0 milliseconds

31-01-2024T23:59:06 - [MESSAGE][PASSED] - Browser is opened with url: ''

31-01-2024T23:59:06 - [TEST_STEP][PASSED] - navigateToUrl("https://www.amazon.com/"): Navigate to 'https://www.amazon.com/' successfully

31-01-2024T23:59:08 - [MESSAGE][PASSED] - Navigate to 'https://www.amazon.com/' successfully

31-01-2024T23:59:08 - [TEST_STEP][PASSED] - selectOptionByLabel(findTestObject("Amazon_Category_validation_Excel_OR/Page_Amazon.com. Spend less. Smile more/categoryElement"), category, false): All options with label 'Baby' are selected in object 'Object Repository/Amazon_Category_validation_Excel_OR/Page_Amazon.com. Spend less. Smile more/categoryElement' 

31-01-2024T23:59:13 - [MESSAGE][PASSED] - All options with label 'Baby' are selected in object 'Object Repository/Amazon_Category_validation_Excel_OR/Page_Amazon.com. Spend less. Smile more/categoryElement' 

31-01-2024T23:59:13 - [TEST_STEP][PASSED] - setText(findTestObject("Amazon_Category_validation_Excel_OR/Page_Amazon.com. Spend less. Smile more/input_Search Amazon_field-keywords"), item): Text 'walkers' is set on object 'Object Repository/Amazon_Category_validation_Excel_OR/Page_Amazon.com. Spend less. Smile more/input_Search Amazon_field-keywords'

31-01-2024T23:59:15 - [MESSAGE][PASSED] - Text 'walkers' is set on object 'Object Repository/Amazon_Category_validation_Excel_OR/Page_Amazon.com. Spend less. Smile more/input_Search Amazon_field-keywords'

31-01-2024T23:59:15 - [TEST_STEP][PASSED] - click(findTestObject("Amazon_Category_validation_Excel_OR/Page_Amazon.com. Spend less. Smile more/input_Search Amazon_nav-search-submit-button")): Object: 'Object Repository/Amazon_Category_validation_Excel_OR/Page_Amazon.com. Spend less. Smile more/input_Search Amazon_nav-search-submit-button' is clicked on

31-01-2024T23:59:19 - [MESSAGE][PASSED] - Object: 'Object Repository/Amazon_Category_validation_Excel_OR/Page_Amazon.com. Spend less. Smile more/input_Search Amazon_nav-search-submit-button' is clicked on

31-01-2024T23:59:19 - [TEST_STEP][PASSED] - closeBrowser(): Browser is closed

31-01-2024T23:59:19 - [MESSAGE][PASSED] - Browser is closed]]></system-out>
         <system-err><![CDATA[]]></system-err>
      </testcase>
      <testcase name="Test Cases/Data Driven_Testing/TC_Validation Amazon Category_Excel" time="14.655" classname="Test Cases/Data Driven_Testing/TC_Validation Amazon Category_Excel" status="PASSED">
         <system-out><![CDATA[31-01-2024T23:59:19 - [TEST_CASE][PASSED] - Test Cases/Data Driven_Testing/TC_Validation Amazon Category_Excel: Test Cases/Data Driven_Testing/TC_Validation Amazon Category_Excel

31-01-2024T23:59:19 - [TEST_STEP][PASSED] - openBrowser(""): Browser is opened with url: ''

31-01-2024T23:59:19 - [MESSAGE][INFO] - Starting 'Chrome' driver

31-01-2024T23:59:19 - [MESSAGE][INFO] - Action delay is set to 0 milliseconds

31-01-2024T23:59:20 - [MESSAGE][PASSED] - Browser is opened with url: ''

31-01-2024T23:59:20 - [TEST_STEP][PASSED] - navigateToUrl("https://www.amazon.com/"): Navigate to 'https://www.amazon.com/' successfully

31-01-2024T23:59:22 - [MESSAGE][PASSED] - Navigate to 'https://www.amazon.com/' successfully

31-01-2024T23:59:22 - [TEST_STEP][PASSED] - selectOptionByLabel(findTestObject("Amazon_Category_validation_Excel_OR/Page_Amazon.com. Spend less. Smile more/categoryElement"), category, false): All options with label 'Computers' are selected in object 'Object Repository/Amazon_Category_validation_Excel_OR/Page_Amazon.com. Spend less. Smile more/categoryElement' 

31-01-2024T23:59:27 - [MESSAGE][PASSED] - All options with label 'Computers' are selected in object 'Object Repository/Amazon_Category_validation_Excel_OR/Page_Amazon.com. Spend less. Smile more/categoryElement' 

31-01-2024T23:59:27 - [TEST_STEP][PASSED] - setText(findTestObject("Amazon_Category_validation_Excel_OR/Page_Amazon.com. Spend less. Smile more/input_Search Amazon_field-keywords"), item): Text 'keyboard' is set on object 'Object Repository/Amazon_Category_validation_Excel_OR/Page_Amazon.com. Spend less. Smile more/input_Search Amazon_field-keywords'

31-01-2024T23:59:29 - [MESSAGE][PASSED] - Text 'keyboard' is set on object 'Object Repository/Amazon_Category_validation_Excel_OR/Page_Amazon.com. Spend less. Smile more/input_Search Amazon_field-keywords'

31-01-2024T23:59:29 - [TEST_STEP][PASSED] - click(findTestObject("Amazon_Category_validation_Excel_OR/Page_Amazon.com. Spend less. Smile more/input_Search Amazon_nav-search-submit-button")): Object: 'Object Repository/Amazon_Category_validation_Excel_OR/Page_Amazon.com. Spend less. Smile more/input_Search Amazon_nav-search-submit-button' is clicked on

31-01-2024T23:59:34 - [MESSAGE][PASSED] - Object: 'Object Repository/Amazon_Category_validation_Excel_OR/Page_Amazon.com. Spend less. Smile more/input_Search Amazon_nav-search-submit-button' is clicked on

31-01-2024T23:59:34 - [TEST_STEP][PASSED] - closeBrowser(): Browser is closed

31-01-2024T23:59:34 - [MESSAGE][PASSED] - Browser is closed]]></system-out>
         <system-err><![CDATA[]]></system-err>
      </testcase>
      <system-out><![CDATA[31-01-2024T23:58:37 - [TEST_SUITE][PASSED] - Amazon_categoryValidation_testSuite: Test Cases/Data Driven_Testing/TC_Validation Amazon Category_Excel]]></system-out>
      <system-err><![CDATA[]]></system-err>
   </testsuite>
</testsuites>
