<?xml version="1.0" encoding="UTF-8"?>
<testsuites name="Amazon_categoryValidation_testSuite" time="89.837" tests="4" failures="0" errors="0">
   <testsuite name="Amazon_categoryValidation_testSuite" tests="4" failures="0" errors="0" time="89.837" skipped="0" timestamp="24-01-2024T17:51:32" hostname="dilip - DKROY" id="Test Suites/Data Driven_Amazon_Category_Test Suites/Amazon_categoryValidation_testSuite">
      <properties>
         <property name="deviceName" value=""/>
         <property name="devicePlatform" value=""/>
         <property name="logFolder" value="C:\\Users\\dilip\\git\\SI-GuidedProject-706091-1705226814\\Reports\\20240124_175128\\Data Driven_Amazon_Category_Test Suites\\Amazon_categoryValidation_testSuite\\20240124_175128"/>
         <property name="logFiles" value="C:\\Users\\dilip\\git\\SI-GuidedProject-706091-1705226814\\Reports\\20240124_175128\\Data Driven_Amazon_Category_Test Suites\\Amazon_categoryValidation_testSuite\\20240124_175128\\execution0.log"/>
         <property name="attachments" value=""/>
         <property name="hostName" value="dilip - DKROY"/>
         <property name="os" value="Windows 11 64bit"/>
         <property name="katalonVersion" value="9.2.0.212"/>
         <property name="browser" value="Chrome 120.0.0.0"/>
         <property name="hostAddress" value="192.168.52.106"/>
         <property name="sessionId" value="4a40bfa09ea2a863b5c0cdb211132f3d"/>
         <property name="seleniumVersion" value="3.141.59"/>
         <property name="proxyInformation" value="ProxyInformation { proxyOption=NO_PROXY, proxyServerType=HTTP, username=, password=********, proxyServerAddress=, proxyServerPort=0, executionList=&quot;&quot;, isApplyToDesiredCapabilities=true }"/>
         <property name="platform" value="Windows 11"/>
      </properties>
      <testcase name="Test Cases/Data Driven_Testing/TC_Validation Amazon Category_Excel" time="20.141" classname="Test Cases/Data Driven_Testing/TC_Validation Amazon Category_Excel" status="PASSED">
         <system-out><![CDATA[24-01-2024T17:51:32 - [TEST_CASE][PASSED] - Test Cases/Data Driven_Testing/TC_Validation Amazon Category_Excel: Test Cases/Data Driven_Testing/TC_Validation Amazon Category_Excel

24-01-2024T17:51:33 - [TEST_STEP][PASSED] - openBrowser(""): Browser is opened with url: ''

24-01-2024T17:51:33 - [MESSAGE][INFO] - Starting 'Chrome' driver

24-01-2024T17:51:33 - [MESSAGE][INFO] - Action delay is set to 0 milliseconds

24-01-2024T17:51:35 - [MESSAGE][PASSED] - Browser is opened with url: ''

24-01-2024T17:51:35 - [TEST_STEP][PASSED] - navigateToUrl("https://www.amazon.com/"): Navigate to 'https://www.amazon.com/' successfully

24-01-2024T17:51:36 - [MESSAGE][PASSED] - Navigate to 'https://www.amazon.com/' successfully

24-01-2024T17:51:36 - [TEST_STEP][PASSED] - selectOptionByLabel(findTestObject("Amazon_Category_validation_Excel_OR/Page_Amazon.com. Spend less. Smile more/categoryElement"), category, false): All options with label 'Books' are selected in object 'Object Repository/Amazon_Category_validation_Excel_OR/Page_Amazon.com. Spend less. Smile more/categoryElement' 

24-01-2024T17:51:47 - [MESSAGE][PASSED] - All options with label 'Books' are selected in object 'Object Repository/Amazon_Category_validation_Excel_OR/Page_Amazon.com. Spend less. Smile more/categoryElement' 

24-01-2024T17:51:47 - [TEST_STEP][PASSED] - setText(findTestObject("Amazon_Category_validation_Excel_OR/Page_Amazon.com. Spend less. Smile more/input_Search Amazon_field-keywords"), item): Text 'da vinci code' is set on object 'Object Repository/Amazon_Category_validation_Excel_OR/Page_Amazon.com. Spend less. Smile more/input_Search Amazon_field-keywords'

24-01-2024T17:51:49 - [MESSAGE][PASSED] - Text 'da vinci code' is set on object 'Object Repository/Amazon_Category_validation_Excel_OR/Page_Amazon.com. Spend less. Smile more/input_Search Amazon_field-keywords'

24-01-2024T17:51:49 - [TEST_STEP][PASSED] - click(findTestObject("Amazon_Category_validation_Excel_OR/Page_Amazon.com. Spend less. Smile more/input_Search Amazon_nav-search-submit-button")): Object: 'Object Repository/Amazon_Category_validation_Excel_OR/Page_Amazon.com. Spend less. Smile more/input_Search Amazon_nav-search-submit-button' is clicked on

24-01-2024T17:51:52 - [MESSAGE][PASSED] - Object: 'Object Repository/Amazon_Category_validation_Excel_OR/Page_Amazon.com. Spend less. Smile more/input_Search Amazon_nav-search-submit-button' is clicked on

24-01-2024T17:51:52 - [TEST_STEP][PASSED] - closeBrowser(): Browser is closed

24-01-2024T17:51:53 - [MESSAGE][PASSED] - Browser is closed]]></system-out>
         <system-err><![CDATA[]]></system-err>
      </testcase>
      <testcase name="Test Cases/Data Driven_Testing/TC_Validation Amazon Category_Excel" time="21.703" classname="Test Cases/Data Driven_Testing/TC_Validation Amazon Category_Excel" status="PASSED">
         <system-out><![CDATA[24-01-2024T17:51:53 - [TEST_CASE][PASSED] - Test Cases/Data Driven_Testing/TC_Validation Amazon Category_Excel: Test Cases/Data Driven_Testing/TC_Validation Amazon Category_Excel

24-01-2024T17:51:53 - [TEST_STEP][PASSED] - openBrowser(""): Browser is opened with url: ''

24-01-2024T17:51:53 - [MESSAGE][INFO] - Starting 'Chrome' driver

24-01-2024T17:51:53 - [MESSAGE][INFO] - Action delay is set to 0 milliseconds

24-01-2024T17:51:53 - [MESSAGE][PASSED] - Browser is opened with url: ''

24-01-2024T17:51:53 - [TEST_STEP][PASSED] - navigateToUrl("https://www.amazon.com/"): Navigate to 'https://www.amazon.com/' successfully

24-01-2024T17:51:55 - [MESSAGE][PASSED] - Navigate to 'https://www.amazon.com/' successfully

24-01-2024T17:51:55 - [TEST_STEP][PASSED] - selectOptionByLabel(findTestObject("Amazon_Category_validation_Excel_OR/Page_Amazon.com. Spend less. Smile more/categoryElement"), category, false): All options with label 'Electronics' are selected in object 'Object Repository/Amazon_Category_validation_Excel_OR/Page_Amazon.com. Spend less. Smile more/categoryElement' 

24-01-2024T17:52:08 - [MESSAGE][PASSED] - All options with label 'Electronics' are selected in object 'Object Repository/Amazon_Category_validation_Excel_OR/Page_Amazon.com. Spend less. Smile more/categoryElement' 

24-01-2024T17:52:08 - [TEST_STEP][PASSED] - setText(findTestObject("Amazon_Category_validation_Excel_OR/Page_Amazon.com. Spend less. Smile more/input_Search Amazon_field-keywords"), item): Text 'washing machine' is set on object 'Object Repository/Amazon_Category_validation_Excel_OR/Page_Amazon.com. Spend less. Smile more/input_Search Amazon_field-keywords'

24-01-2024T17:52:09 - [MESSAGE][PASSED] - Text 'washing machine' is set on object 'Object Repository/Amazon_Category_validation_Excel_OR/Page_Amazon.com. Spend less. Smile more/input_Search Amazon_field-keywords'

24-01-2024T17:52:09 - [TEST_STEP][PASSED] - click(findTestObject("Amazon_Category_validation_Excel_OR/Page_Amazon.com. Spend less. Smile more/input_Search Amazon_nav-search-submit-button")): Object: 'Object Repository/Amazon_Category_validation_Excel_OR/Page_Amazon.com. Spend less. Smile more/input_Search Amazon_nav-search-submit-button' is clicked on

24-01-2024T17:52:14 - [MESSAGE][PASSED] - Object: 'Object Repository/Amazon_Category_validation_Excel_OR/Page_Amazon.com. Spend less. Smile more/input_Search Amazon_nav-search-submit-button' is clicked on

24-01-2024T17:52:14 - [TEST_STEP][PASSED] - closeBrowser(): Browser is closed

24-01-2024T17:52:14 - [MESSAGE][PASSED] - Browser is closed]]></system-out>
         <system-err><![CDATA[]]></system-err>
      </testcase>
      <testcase name="Test Cases/Data Driven_Testing/TC_Validation Amazon Category_Excel" time="25.8" classname="Test Cases/Data Driven_Testing/TC_Validation Amazon Category_Excel" status="PASSED">
         <system-out><![CDATA[24-01-2024T17:52:14 - [TEST_CASE][PASSED] - Test Cases/Data Driven_Testing/TC_Validation Amazon Category_Excel: Test Cases/Data Driven_Testing/TC_Validation Amazon Category_Excel

24-01-2024T17:52:14 - [TEST_STEP][PASSED] - openBrowser(""): Browser is opened with url: ''

24-01-2024T17:52:14 - [MESSAGE][INFO] - Starting 'Chrome' driver

24-01-2024T17:52:14 - [MESSAGE][INFO] - Action delay is set to 0 milliseconds

24-01-2024T17:52:15 - [MESSAGE][PASSED] - Browser is opened with url: ''

24-01-2024T17:52:15 - [TEST_STEP][PASSED] - navigateToUrl("https://www.amazon.com/"): Navigate to 'https://www.amazon.com/' successfully

24-01-2024T17:52:16 - [MESSAGE][PASSED] - Navigate to 'https://www.amazon.com/' successfully

24-01-2024T17:52:16 - [TEST_STEP][PASSED] - selectOptionByLabel(findTestObject("Amazon_Category_validation_Excel_OR/Page_Amazon.com. Spend less. Smile more/categoryElement"), category, false): All options with label 'Baby' are selected in object 'Object Repository/Amazon_Category_validation_Excel_OR/Page_Amazon.com. Spend less. Smile more/categoryElement' 

24-01-2024T17:52:33 - [MESSAGE][PASSED] - All options with label 'Baby' are selected in object 'Object Repository/Amazon_Category_validation_Excel_OR/Page_Amazon.com. Spend less. Smile more/categoryElement' 

24-01-2024T17:52:33 - [TEST_STEP][PASSED] - setText(findTestObject("Amazon_Category_validation_Excel_OR/Page_Amazon.com. Spend less. Smile more/input_Search Amazon_field-keywords"), item): Text 'walkers' is set on object 'Object Repository/Amazon_Category_validation_Excel_OR/Page_Amazon.com. Spend less. Smile more/input_Search Amazon_field-keywords'

24-01-2024T17:52:34 - [MESSAGE][PASSED] - Text 'walkers' is set on object 'Object Repository/Amazon_Category_validation_Excel_OR/Page_Amazon.com. Spend less. Smile more/input_Search Amazon_field-keywords'

24-01-2024T17:52:34 - [TEST_STEP][PASSED] - click(findTestObject("Amazon_Category_validation_Excel_OR/Page_Amazon.com. Spend less. Smile more/input_Search Amazon_nav-search-submit-button")): Object: 'Object Repository/Amazon_Category_validation_Excel_OR/Page_Amazon.com. Spend less. Smile more/input_Search Amazon_nav-search-submit-button' is clicked on

24-01-2024T17:52:40 - [MESSAGE][PASSED] - Object: 'Object Repository/Amazon_Category_validation_Excel_OR/Page_Amazon.com. Spend less. Smile more/input_Search Amazon_nav-search-submit-button' is clicked on

24-01-2024T17:52:40 - [TEST_STEP][PASSED] - closeBrowser(): Browser is closed

24-01-2024T17:52:40 - [MESSAGE][PASSED] - Browser is closed]]></system-out>
         <system-err><![CDATA[]]></system-err>
      </testcase>
      <testcase name="Test Cases/Data Driven_Testing/TC_Validation Amazon Category_Excel" time="21.9" classname="Test Cases/Data Driven_Testing/TC_Validation Amazon Category_Excel" status="PASSED">
         <system-out><![CDATA[24-01-2024T17:52:40 - [TEST_CASE][PASSED] - Test Cases/Data Driven_Testing/TC_Validation Amazon Category_Excel: Test Cases/Data Driven_Testing/TC_Validation Amazon Category_Excel

24-01-2024T17:52:40 - [TEST_STEP][PASSED] - openBrowser(""): Browser is opened with url: ''

24-01-2024T17:52:40 - [MESSAGE][INFO] - Starting 'Chrome' driver

24-01-2024T17:52:40 - [MESSAGE][INFO] - Action delay is set to 0 milliseconds

24-01-2024T17:52:41 - [MESSAGE][PASSED] - Browser is opened with url: ''

24-01-2024T17:52:41 - [TEST_STEP][PASSED] - navigateToUrl("https://www.amazon.com/"): Navigate to 'https://www.amazon.com/' successfully

24-01-2024T17:52:42 - [MESSAGE][PASSED] - Navigate to 'https://www.amazon.com/' successfully

24-01-2024T17:52:42 - [TEST_STEP][PASSED] - selectOptionByLabel(findTestObject("Amazon_Category_validation_Excel_OR/Page_Amazon.com. Spend less. Smile more/categoryElement"), category, false): All options with label 'Computers' are selected in object 'Object Repository/Amazon_Category_validation_Excel_OR/Page_Amazon.com. Spend less. Smile more/categoryElement' 

24-01-2024T17:52:55 - [MESSAGE][PASSED] - All options with label 'Computers' are selected in object 'Object Repository/Amazon_Category_validation_Excel_OR/Page_Amazon.com. Spend less. Smile more/categoryElement' 

24-01-2024T17:52:55 - [TEST_STEP][PASSED] - setText(findTestObject("Amazon_Category_validation_Excel_OR/Page_Amazon.com. Spend less. Smile more/input_Search Amazon_field-keywords"), item): Text 'keyboard' is set on object 'Object Repository/Amazon_Category_validation_Excel_OR/Page_Amazon.com. Spend less. Smile more/input_Search Amazon_field-keywords'

24-01-2024T17:52:57 - [MESSAGE][PASSED] - Text 'keyboard' is set on object 'Object Repository/Amazon_Category_validation_Excel_OR/Page_Amazon.com. Spend less. Smile more/input_Search Amazon_field-keywords'

24-01-2024T17:52:57 - [TEST_STEP][PASSED] - click(findTestObject("Amazon_Category_validation_Excel_OR/Page_Amazon.com. Spend less. Smile more/input_Search Amazon_nav-search-submit-button")): Object: 'Object Repository/Amazon_Category_validation_Excel_OR/Page_Amazon.com. Spend less. Smile more/input_Search Amazon_nav-search-submit-button' is clicked on

24-01-2024T17:53:02 - [MESSAGE][PASSED] - Object: 'Object Repository/Amazon_Category_validation_Excel_OR/Page_Amazon.com. Spend less. Smile more/input_Search Amazon_nav-search-submit-button' is clicked on

24-01-2024T17:53:02 - [TEST_STEP][PASSED] - closeBrowser(): Browser is closed

24-01-2024T17:53:02 - [MESSAGE][PASSED] - Browser is closed]]></system-out>
         <system-err><![CDATA[]]></system-err>
      </testcase>
      <system-out><![CDATA[24-01-2024T17:51:32 - [TEST_SUITE][PASSED] - Amazon_categoryValidation_testSuite: Test Cases/Data Driven_Testing/TC_Validation Amazon Category_Excel]]></system-out>
      <system-err><![CDATA[]]></system-err>
   </testsuite>
</testsuites>
